{
  "RSpec": {
    "coverage": {
      "/Users/boliu/Dropbox/Ruby/HW3/Part3/part2.rb": [
        1,
        1,
        null,
        1,
        null,
        1,
        3,
        3,
        3,
        3,
        3,
        1560,
        1560,
        1560,
        1560,
        66,
        null,
        null,
        3,
        null,
        null,
        1,
        3,
        3,
        3,
        3,
        3,
        181,
        181,
        32,
        32,
        null,
        null,
        149,
        149,
        3,
        3,
        3,
        null,
        null,
        146,
        null,
        3,
        null,
        null,
        1,
        3,
        3,
        3,
        3,
        3,
        3,
        1542,
        1542,
        261,
        261,
        null,
        null,
        1281,
        1281,
        1281,
        12,
        null,
        1281,
        null,
        3,
        3,
        null,
        null,
        null,
        1,
        1,
        1,
        1,
        1,
        null,
        1,
        1,
        1443,
        1443,
        0,
        0,
        0,
        0,
        0,
        0,
        0,
        0,
        0,
        0,
        0,
        0,
        0,
        0,
        null,
        0,
        0,
        null,
        null,
        0,
        null,
        0,
        null,
        1443,
        null,
        null,
        1,
        null,
        null,
        1,
        3,
        3,
        null,
        3,
        3,
        3,
        3,
        279,
        279,
        279,
        279,
        null,
        279,
        35,
        null,
        279,
        null,
        null,
        3,
        3,
        3,
        2847,
        2847,
        216,
        216,
        216,
        null,
        2847,
        null,
        3,
        null,
        null,
        null,
        1,
        1,
        1,
        null,
        null,
        1,
        2,
        2,
        null,
        2,
        2,
        2,
        2,
        608,
        null,
        608,
        608,
        608,
        608,
        500,
        null,
        108,
        null,
        null,
        608,
        null,
        2,
        null,
        null,
        1,
        2,
        2,
        null,
        110,
        2,
        2,
        2,
        2,
        null,
        2,
        2,
        2,
        1216,
        1216,
        608,
        608,
        null,
        null,
        608,
        608,
        null,
        608,
        608,
        608,
        null,
        608,
        78,
        null,
        608,
        null,
        2,
        null,
        null,
        1,
        null,
        1,
        1,
        1,
        1,
        1,
        1,
        null,
        null,
        28,
        null,
        28,
        28,
        28,
        28,
        28,
        null,
        28,
        27,
        null,
        1,
        null,
        28,
        28,
        563,
        537,
        null,
        26,
        null,
        null,
        563,
        563,
        545,
        536,
        null,
        9,
        null,
        null,
        545,
        28,
        28,
        28,
        136,
        136,
        136,
        136,
        136,
        136,
        136,
        136,
        1480,
        1480,
        0,
        0,
        0,
        0,
        null,
        null,
        1480,
        null,
        136,
        null,
        28,
        null,
        516,
        null,
        562,
        null,
        null,
        27,
        null,
        0,
        null,
        null,
        1,
        null,
        1,
        1,
        1,
        1,
        1,
        1,
        null,
        28,
        null,
        28,
        28,
        28,
        28,
        28,
        null,
        28,
        27,
        null,
        1,
        null,
        28,
        28,
        563,
        537,
        null,
        26,
        null,
        null,
        563,
        563,
        545,
        536,
        null,
        9,
        null,
        545,
        28,
        28,
        28,
        132,
        null,
        132,
        null,
        132,
        132,
        132,
        132,
        132,
        132,
        132,
        2084,
        2084,
        132,
        132,
        4,
        null,
        null,
        2084,
        null,
        null,
        132,
        null,
        28,
        null,
        516,
        null,
        562,
        null,
        null,
        27,
        null,
        0,
        null,
        null,
        null,
        1,
        1,
        1,
        1,
        1,
        1,
        1,
        1,
        1,
        null,
        28,
        null,
        28,
        28,
        28,
        28,
        28,
        null,
        28,
        27,
        null,
        1,
        null,
        28,
        28,
        563,
        537,
        null,
        26,
        null,
        null,
        563,
        563,
        545,
        536,
        null,
        9,
        null,
        545,
        28,
        28,
        28,
        28,
        200,
        200,
        200,
        null,
        null,
        null,
        544,
        29,
        29,
        29,
        29,
        136,
        136,
        136,
        null,
        null,
        null,
        null,
        544,
        28,
        28,
        28,
        28,
        132,
        0,
        0,
        null,
        132,
        132,
        132,
        null,
        null,
        null,
        544,
        28,
        28,
        28,
        28,
        136,
        136,
        136,
        null,
        null,
        544,
        null,
        562,
        null,
        null,
        27,
        27,
        5,
        5,
        7,
        null,
        5,
        null,
        5,
        5,
        103,
        103,
        null,
        0,
        null,
        null,
        103,
        103,
        null,
        101,
        101,
        101,
        14,
        null,
        null,
        null,
        null,
        101,
        100,
        100,
        11,
        null,
        null,
        101,
        null,
        103,
        null,
        5,
        null,
        null,
        27,
        null,
        0,
        null,
        null,
        null,
        null,
        null,
        null,
        null
      ]
    },
    "timestamp": 1430321531
  }
}
